#
# A fatal error has been detected by the Java Runtime Environment:
#
#  EXCEPTION_ACCESS_VIOLATION (0xc0000005) at pc=0x00007ffcf0182ffd, pid=14500, tid=17984
#
# JRE version: OpenJDK Runtime Environment Temurin-17.0.6+10 (17.0.6+10) (build 17.0.6+10)
# Java VM: OpenJDK 64-Bit Server VM Temurin-17.0.6+10 (17.0.6+10, mixed mode, emulated-client, tiered, compressed oops, compressed class ptrs, g1 gc, windows-amd64)
# Problematic frame:
# V  [jvm.dll+0x7a2ffd]
#
# No core dump will be written. Minidumps are not enabled by default on client versions of Windows
#
# If you would like to submit a bug report, please visit:
#   https://github.com/adoptium/adoptium-support/issues
#

---------------  S U M M A R Y ------------

Command Line: -Dcom.sun.management.jmxremote -Dcom.sun.management.jmxremote.port=55237 -Dcom.sun.management.jmxremote.authenticate=false -Dcom.sun.management.jmxremote.ssl=false -Djava.rmi.server.hostname=localhost -Dspring.jmx.enabled=true -Dmanagement.endpoints.jmx.exposure.include=* -Dspring.application.admin.enabled=true -XX:TieredStopAtLevel=1 -Dspring.boot.project.name=FantasyLeague_Cricket -Dfile.encoding=UTF-8 -XX:+ShowCodeDetailsInExceptionMessages com.example.demo.FantasyLeagueCricketApplication --spring.output.ansi.enabled=always

Host: AMD Ryzen 5 3550H with Radeon Vega Mobile Gfx  , 8 cores, 5G,  Windows 10 , 64 bit Build 19041 (10.0.19041.2546)
Time: Thu Mar 23 10:34:10 2023 India Standard Time elapsed time: 58312.769751 seconds (0d 16h 11m 52s)

---------------  T H R E A D  ---------------

Current thread (0x000001f2da40f960):  JavaThread "Service Thread" daemon [_thread_in_vm, id=17984, stack(0x000000826f500000,0x000000826f600000)]

Stack: [0x000000826f500000,0x000000826f600000],  sp=0x000000826f5ff170,  free space=1020k
Native frames: (J=compiled Java code, j=interpreted, Vv=VM code, C=native code)
V  [jvm.dll+0x7a2ffd]
V  [jvm.dll+0x7a44c5]
V  [jvm.dll+0x6dad72]
V  [jvm.dll+0x7ea2cb]
V  [jvm.dll+0x7e483a]
V  [jvm.dll+0x6762c5]
C  [ucrtbase.dll+0x21bb2]
C  [KERNEL32.DLL+0x17614]
C  [ntdll.dll+0x526a1]


siginfo: EXCEPTION_ACCESS_VIOLATION (0xc0000005), reading address 0xffffffffffffffff


Register to memory mapping:

RIP=0x00007ffcf0182ffd jvm.dll
RAX=0x000001f2df5ebf10 points into unknown readable memory: 0x59540009e7500001 | 01 00 50 e7 09 00 54 59
RBX=0x0 is NULL
RCX=0x00000000e7500001 is an unallocated location in the heap
RDX=0x000001f2df09ada0 points into unknown readable memory: 0x000001f2dec44d80 | 80 4d c4 de f2 01 00 00
RSP=0x000000826f5ff170 is pointing into the stack for thread: 0x000001f2da40f960
RBP=0x0000000000002000 is an unknown value
RSI=0x0000000000001ec8 is an unknown value
RDI=0x000001f2d9852788 points into unknown readable memory: 0x000001f2df5ebd50 | 50 bd 5e df f2 01 00 00
R8 =0x18ca9ea2148a9ea6 is an unknown value
R9 =0x0000000000000001 is an unknown value
R10=0x0000000000008000 is an unknown value
R11=0x000000826f5ff0a0 is pointing into the stack for thread: 0x000001f2da40f960
R12=0x000000826f5ffb28 is pointing into the stack for thread: 0x000001f2da40f960
R13=0x000001f2da40f960 is a thread
R14=0x0 is NULL
R15=0x000001f2d9842870 points into unknown readable memory: 0x0000000000000000 | 00 00 00 00 00 00 00 00


Registers:
RAX=0x000001f2df5ebf10, RBX=0x0000000000000000, RCX=0x00000000e7500001, RDX=0x000001f2df09ada0
RSP=0x000000826f5ff170, RBP=0x0000000000002000, RSI=0x0000000000001ec8, RDI=0x000001f2d9852788
R8 =0x18ca9ea2148a9ea6, R9 =0x0000000000000001, R10=0x0000000000008000, R11=0x000000826f5ff0a0
R12=0x000000826f5ffb28, R13=0x000001f2da40f960, R14=0x0000000000000000, R15=0x000001f2d9842870
RIP=0x00007ffcf0182ffd, EFLAGS=0x0000000000010206

Top of Stack: (sp=0x000000826f5ff170)
0x000000826f5ff170:   0000000000000000 00000000000005fd
0x000000826f5ff180:   000001f2d9846130 0000000000000000
0x000000826f5ff190:   000000826f5ffb30 000000826f5ffb28
0x000000826f5ff1a0:   000001f2da40f960 0000000000001ec8
0x000000826f5ff1b0:   000001f2d9842870 0000000000002000
0x000000826f5ff1c0:   000001f2cd046ed0 0000000000000000
0x000000826f5ff1d0:   000001f2df3d8c10 000001f2daafc790
0x000000826f5ff1e0:   0000000000000000 0000000000000000
0x000000826f5ff1f0:   0000000000000000 0000000000000000
0x000000826f5ff200:   0000000000000000 0000000000000000
0x000000826f5ff210:   0000000000000000 0000000000000000
0x000000826f5ff220:   0000000000000000 0000000000000000
0x000000826f5ff230:   0000000000000000 0000000000000000
0x000000826f5ff240:   0000000000000000 0000000000000000
0x000000826f5ff250:   0000000000000000 0000000000000000
0x000000826f5ff260:   0000000000000000 0000000000000000 

Instructions: (pc=0x00007ffcf0182ffd)
0x00007ffcf0182efd:   48 33 cc e8 1b c4 0e 00 48 81 c4 38 08 00 00 41
0x00007ffcf0182f0d:   5f 41 5e 41 5d 5e 5d 5b c3 cc cc cc cc cc cc cc
0x00007ffcf0182f1d:   cc cc cc 40 53 55 56 57 41 54 41 55 41 57 48 81
0x00007ffcf0182f2d:   ec 70 08 00 00 48 8b 05 ef cb 38 00 48 33 c4 48
0x00007ffcf0182f3d:   89 84 24 60 08 00 00 48 8b 79 08 49 8b e9 48 8b
0x00007ffcf0182f4d:   9a f8 00 00 00 49 8b f0 48 8b 84 24 d8 08 00 00
0x00007ffcf0182f5d:   4c 8b ea 4c 8b a4 24 d0 08 00 00 4c 8b f9 48 89
0x00007ffcf0182f6d:   44 24 20 48 8b c3 4c 89 4c 24 48 48 89 54 24 30
0x00007ffcf0182f7d:   48 89 4c 24 40 4c 89 64 24 28 48 89 7c 24 50 f6
0x00007ffcf0182f8d:   c3 01 75 0b 48 8b 05 d8 72 3c 00 48 83 c8 01 48
0x00007ffcf0182f9d:   89 82 f8 00 00 00 e8 b8 53 ec ff 48 3b f5 0f 83
0x00007ffcf0182fad:   50 02 00 00 4c 89 b4 24 b8 08 00 00 45 33 f6 0f
0x00007ffcf0182fbd:   1f 40 00 48 8b 07 48 8d 3c f0 48 ff c6 48 3b f5
0x00007ffcf0182fcd:   48 89 74 24 38 4c 8d 47 08 4d 0f 43 c6 4d 85 c0
0x00007ffcf0182fdd:   74 09 4d 8b 00 49 83 e0 fc eb 03 4d 8b c6 48 8b
0x00007ffcf0182fed:   17 48 83 e2 fc 0f 84 f3 01 00 00 4d 85 c0 74 03
0x00007ffcf0182ffd:   4d 8b 00 48 8b 02 49 ff 04 24 48 8b 42 08 8b 08
0x00007ffcf018300d:   66 85 c9 74 0d 48 8b 12 48 85 d2 75 de e9 cc 01
0x00007ffcf018301d:   00 00 49 89 9d f8 00 00 00 41 8b de 0f 1f 80 00
0x00007ffcf018302d:   00 00 00 48 8b 07 a8 01 75 15 48 8b 07 48 83 e0
0x00007ffcf018303d:   fc 48 8b c8 48 83 c9 01 f0 48 0f b1 0f 74 18 ff
0x00007ffcf018304d:   c3 81 fb 00 20 00 00 75 07 e8 35 06 ed ff eb c9
0x00007ffcf018305d:   e8 ae bc 86 ff eb cc 48 8b 07 4c 8b c7 48 83 e0
0x00007ffcf018306d:   fc 74 3f 49 ff 04 24 48 8b 48 08 8b 11 66 85 d2
0x00007ffcf018307d:   75 25 4a 89 44 f4 60 49 ff c6 48 8b 00 49 8b 08
0x00007ffcf018308d:   48 33 c8 83 e1 03 48 33 c8 49 89 08 49 81 fe 00
0x00007ffcf018309d:   01 00 00 74 0d eb 06 4c 8b c0 48 8b 00 48 85 c0
0x00007ffcf01830ad:   75 c1 48 8b 07 48 83 e0 fc 80 bc 24 e0 08 00 00
0x00007ffcf01830bd:   00 48 89 07 75 12 e8 98 52 ec ff 49 8b 47 48 49
0x00007ffcf01830cd:   3b c5 74 09 4d 89 6f 48 e8 a6 95 b9 ff 33 ed 4d
0x00007ffcf01830dd:   85 f6 0f 84 d8 00 00 00 4c 8b 64 24 20 44 8d 6d
0x00007ffcf01830ed:   08 66 90 49 ff 04 24 48 8b 74 ec 60 48 8b 46 08 


Stack slot to memory mapping:
stack at sp + 0 slots: 0x0 is NULL
stack at sp + 1 slots: 0x00000000000005fd is an unknown value
stack at sp + 2 slots: 0x000001f2d9846130 points into unknown readable memory: 0x000001f2df067c10 | 10 7c 06 df f2 01 00 00
stack at sp + 3 slots: 0x0 is NULL
stack at sp + 4 slots: 0x000000826f5ffb30 is pointing into the stack for thread: 0x000001f2da40f960
stack at sp + 5 slots: 0x000000826f5ffb28 is pointing into the stack for thread: 0x000001f2da40f960
stack at sp + 6 slots: 0x000001f2da40f960 is a thread
stack at sp + 7 slots: 0x0000000000001ec8 is an unknown value


---------------  P R O C E S S  ---------------

Threads class SMR info:
_java_thread_list=0x000001f2df217610, length=36, elements={
0x000001f2d99f9260, 0x000001f2d99fb550, 0x000001f2d9a14430, 0x000001f2da40c080,
0x000001f2da40f960, 0x000001f2da418840, 0x000001f2da4193c0, 0x000001f2da41a8f0,
0x000001f2da4deba0, 0x000001f2da60a020, 0x000001f2dabd9730, 0x000001f2dabc8a50,
0x000001f2dabbb230, 0x000001f2dbcd3690, 0x000001f2dbd2f440, 0x000001f2dbd2f910,
0x000001f2dbd2fde0, 0x000001f2dbd2e100, 0x000001f2dbd2d290, 0x000001f2dbd302b0,
0x000001f2dbd30780, 0x000001f2dbd2dc30, 0x000001f2dbd2d760, 0x000001f2dbd2e5d0,
0x000001f2df4f3e00, 0x000001f2df4f5ae0, 0x000001f2df4f3930, 0x000001f2df4f5610,
0x000001f2df4f42d0, 0x000001f2df4f25f0, 0x000001f2df4f47a0, 0x000001f2df4f5140,
0x000001f2df4f4c70, 0x000001f2df4f2ac0, 0x000001f2df52f3b0, 0x000001f2df52e540
}

Java Threads: ( => current thread )
  0x000001f2d99f9260 JavaThread "Reference Handler" daemon [_thread_blocked, id=7372, stack(0x000000826f100000,0x000000826f200000)]
  0x000001f2d99fb550 JavaThread "Finalizer" daemon [_thread_blocked, id=15172, stack(0x000000826f200000,0x000000826f300000)]
  0x000001f2d9a14430 JavaThread "Signal Dispatcher" daemon [_thread_blocked, id=8800, stack(0x000000826f300000,0x000000826f400000)]
  0x000001f2da40c080 JavaThread "Attach Listener" daemon [_thread_blocked, id=15096, stack(0x000000826f400000,0x000000826f500000)]
=>0x000001f2da40f960 JavaThread "Service Thread" daemon [_thread_in_vm, id=17984, stack(0x000000826f500000,0x000000826f600000)]
  0x000001f2da418840 JavaThread "Monitor Deflation Thread" daemon [_thread_blocked, id=16676, stack(0x000000826f600000,0x000000826f700000)]
  0x000001f2da4193c0 JavaThread "C1 CompilerThread0" daemon [_thread_blocked, id=10352, stack(0x000000826f700000,0x000000826f800000)]
  0x000001f2da41a8f0 JavaThread "Sweeper thread" daemon [_thread_blocked, id=1404, stack(0x000000826f800000,0x000000826f900000)]
  0x000001f2da4deba0 JavaThread "Common-Cleaner" daemon [_thread_blocked, id=13180, stack(0x000000826f900000,0x000000826fa00000)]
  0x000001f2da60a020 JavaThread "Notification Thread" daemon [_thread_blocked, id=10440, stack(0x000000826fb00000,0x000000826fc00000)]
  0x000001f2dabd9730 JavaThread "RMI TCP Accept-0" daemon [_thread_in_native, id=17440, stack(0x000000826fc00000,0x000000826fd00000)]
  0x000001f2dabc8a50 JavaThread "RMI TCP Accept-55237" daemon [_thread_in_native, id=15504, stack(0x000000826fd00000,0x000000826fe00000)]
  0x000001f2dabbb230 JavaThread "RMI TCP Accept-0" daemon [_thread_in_native, id=2444, stack(0x000000826fe00000,0x000000826ff00000)]
  0x000001f2dbcd3690 JavaThread "RMI Scheduler(0)" daemon [_thread_blocked, id=18188, stack(0x0000008270c00000,0x0000008270d00000)]
  0x000001f2dbd2f440 JavaThread "mysql-cj-abandoned-connection-cleanup" daemon [_thread_blocked, id=15092, stack(0x0000008270f00000,0x0000008271000000)]
  0x000001f2dbd2f910 JavaThread "HikariPool-1 housekeeper" daemon [_thread_blocked, id=15816, stack(0x0000008271400000,0x0000008271500000)]
  0x000001f2dbd2fde0 JavaThread "Catalina-utility-1" [_thread_blocked, id=16424, stack(0x0000008271500000,0x0000008271600000)]
  0x000001f2dbd2e100 JavaThread "Catalina-utility-2" [_thread_blocked, id=18124, stack(0x0000008271600000,0x0000008271700000)]
  0x000001f2dbd2d290 JavaThread "container-0" [_thread_blocked, id=14964, stack(0x0000008271700000,0x0000008271800000)]
  0x000001f2dbd302b0 JavaThread "File Watcher" daemon [_thread_blocked, id=13460, stack(0x0000008271900000,0x0000008271a00000)]
  0x000001f2dbd30780 JavaThread "Live Reload Server" daemon [_thread_in_native, id=2820, stack(0x0000008271b00000,0x0000008271c00000)]
  0x000001f2dbd2dc30 JavaThread "http-nio-8080-exec-1" daemon [_thread_blocked, id=16768, stack(0x0000008271a00000,0x0000008271b00000)]
  0x000001f2dbd2d760 JavaThread "http-nio-8080-exec-2" daemon [_thread_blocked, id=18204, stack(0x0000008271c00000,0x0000008271d00000)]
  0x000001f2dbd2e5d0 JavaThread "http-nio-8080-exec-3" daemon [_thread_blocked, id=2756, stack(0x0000008271d00000,0x0000008271e00000)]
  0x000001f2df4f3e00 JavaThread "http-nio-8080-exec-4" daemon [_thread_blocked, id=10564, stack(0x0000008271e00000,0x0000008271f00000)]
  0x000001f2df4f5ae0 JavaThread "http-nio-8080-exec-5" daemon [_thread_blocked, id=17736, stack(0x0000008271f00000,0x0000008272000000)]
  0x000001f2df4f3930 JavaThread "http-nio-8080-exec-6" daemon [_thread_blocked, id=15804, stack(0x0000008272000000,0x0000008272100000)]
  0x000001f2df4f5610 JavaThread "http-nio-8080-exec-7" daemon [_thread_blocked, id=5184, stack(0x0000008272100000,0x0000008272200000)]
  0x000001f2df4f42d0 JavaThread "http-nio-8080-exec-8" daemon [_thread_blocked, id=14176, stack(0x0000008272200000,0x0000008272300000)]
  0x000001f2df4f25f0 JavaThread "http-nio-8080-exec-9" daemon [_thread_blocked, id=18308, stack(0x0000008272300000,0x0000008272400000)]
  0x000001f2df4f47a0 JavaThread "http-nio-8080-exec-10" daemon [_thread_blocked, id=17464, stack(0x0000008272400000,0x0000008272500000)]
  0x000001f2df4f5140 JavaThread "http-nio-8080-Poller" daemon [_thread_in_native, id=5620, stack(0x0000008272500000,0x0000008272600000)]
  0x000001f2df4f4c70 JavaThread "http-nio-8080-Acceptor" daemon [_thread_in_native, id=17304, stack(0x0000008272600000,0x0000008272700000)]
  0x000001f2df4f2ac0 JavaThread "DestroyJavaVM" [_thread_blocked, id=11896, stack(0x000000826ea00000,0x000000826eb00000)]
  0x000001f2df52f3b0 JavaThread "RMI TCP Connection(idle)" daemon [_thread_blocked, id=1436, stack(0x000000826e900000,0x000000826ea00000)]
  0x000001f2df52e540 JavaThread "JMX server connection timeout 67" daemon [_thread_blocked, id=17220, stack(0x000000826fa00000,0x000000826fb00000)]

Other Threads:
  0x000001f2d99d76a0 VMThread "VM Thread" [stack: 0x000000826f000000,0x000000826f100000] [id=3984] _threads_hazard_ptr=0x000001f2df217610
  0x000001f2dabbbcc0 WatcherThread [stack: 0x000000826ff00000,0x0000008270000000] [id=4084]
  0x000001f2ccfebfb0 GCTaskThread "GC Thread#0" [stack: 0x000000826eb00000,0x000000826ec00000] [id=13972]
  0x000001f2dafd7190 GCTaskThread "GC Thread#1" [stack: 0x0000008270200000,0x0000008270300000] [id=10624]
  0x000001f2daff96f0 GCTaskThread "GC Thread#2" [stack: 0x0000008270300000,0x0000008270400000] [id=17992]
  0x000001f2daff99a0 GCTaskThread "GC Thread#3" [stack: 0x0000008270400000,0x0000008270500000] [id=3540]
  0x000001f2daffa470 GCTaskThread "GC Thread#4" [stack: 0x0000008270500000,0x0000008270600000] [id=8004]
  0x000001f2dad2cff0 GCTaskThread "GC Thread#5" [stack: 0x0000008270600000,0x0000008270700000] [id=14036]
  0x000001f2dbcc3a60 GCTaskThread "GC Thread#6" [stack: 0x0000008270700000,0x0000008270800000] [id=6044]
  0x000001f2dbcc3d10 GCTaskThread "GC Thread#7" [stack: 0x0000008270800000,0x0000008270900000] [id=11708]
  0x000001f2ccff91e0 ConcurrentGCThread "G1 Main Marker" [stack: 0x000000826ec00000,0x000000826ed00000] [id=17844]
  0x000001f2ccff9b00 ConcurrentGCThread "G1 Conc#0" [stack: 0x000000826ed00000,0x000000826ee00000] [id=9488]
  0x000001f2dbf124e0 ConcurrentGCThread "G1 Conc#1" [stack: 0x0000008271000000,0x0000008271100000] [id=18200]
  0x000001f2cd05eb40 ConcurrentGCThread "G1 Refine#0" [stack: 0x000000826ee00000,0x000000826ef00000] [id=16700]
  0x000001f2da739500 ConcurrentGCThread "G1 Refine#1" [stack: 0x0000008270900000,0x0000008270a00000] [id=16788]
  0x000001f2da7397e0 ConcurrentGCThread "G1 Refine#2" [stack: 0x0000008270a00000,0x0000008270b00000] [id=2740]
  0x000001f2d9833600 ConcurrentGCThread "G1 Service" [stack: 0x000000826ef00000,0x000000826f000000] [id=11928]

Threads with active compile tasks:

VM state: synchronizing (normal execution)

VM Mutex/Monitor currently owned by a thread:  ([mutex/lock_event])
[0x000001f2ccf9b360] Threads_lock - owner thread: 0x000001f2d99d76a0
[0x000001f2ccf9be10] Heap_lock - owner thread: 0x000001f2ccff91e0

Heap address: 0x00000000a1e00000, size: 1506 MB, Compressed Oops mode: 32-bit

CDS archive(s) not mapped
Compressed class space mapped at: 0x0000000100000000-0x0000000140000000, reserved size: 1073741824
Narrow klass base: 0x0000000000000000, Narrow klass shift: 3, Narrow klass range: 0x140000000

GC Precious Log:
 CPUs: 8 total, 8 available
 Memory: 6021M
 Large Page Support: Disabled
 NUMA Support: Disabled
 Compressed Oops: Enabled (32-bit)
 Heap Region Size: 1M
 Heap Min Capacity: 8M
 Heap Initial Capacity: 96M
 Heap Max Capacity: 1506M
 Pre-touch: Disabled
 Parallel Workers: 8
 Concurrent Workers: 2
 Concurrent Refinement Workers: 8
 Periodic GC: Disabled

Heap:
 garbage-first heap   total 73728K, used 33462K [0x00000000a1e00000, 0x0000000100000000)
  region size 1024K, 2 young (2048K), 1 survivors (1024K)
 Metaspace       used 80694K, committed 81344K, reserved 1122304K
  class space    used 11176K, committed 11456K, reserved 1048576K

Heap Regions: E=young(eden), S=young(survivor), O=old, HS=humongous(starts), HC=humongous(continues), CS=collection set, F=free, OA=open archive, CA=closed archive, TAMS=top-at-mark-start (previous, next)
|   0|0x00000000a1e00000, 0x00000000a1f00000, 0x00000000a1f00000|100%|HS|  |TAMS 0x00000000a1f00000, 0x00000000a1e00000| Complete 
|   1|0x00000000a1f00000, 0x00000000a2000000, 0x00000000a2000000|100%| O|  |TAMS 0x00000000a2000000, 0x00000000a1f00000| Untracked 
|   2|0x00000000a2000000, 0x00000000a2100000, 0x00000000a2100000|100%| O|  |TAMS 0x00000000a2100000, 0x00000000a2000000| Untracked 
|   3|0x00000000a2100000, 0x00000000a2200000, 0x00000000a2200000|100%| O|  |TAMS 0x00000000a2200000, 0x00000000a2100000| Untracked 
|   4|0x00000000a2200000, 0x00000000a2300000, 0x00000000a2300000|100%| O|  |TAMS 0x00000000a2300000, 0x00000000a2200000| Untracked 
|   5|0x00000000a2300000, 0x00000000a2400000, 0x00000000a2400000|100%| O|  |TAMS 0x00000000a2400000, 0x00000000a2300000| Untracked 
|   6|0x00000000a2400000, 0x00000000a2500000, 0x00000000a2500000|100%| O|  |TAMS 0x00000000a2500000, 0x00000000a2400000| Untracked 
|   7|0x00000000a2500000, 0x00000000a2600000, 0x00000000a2600000|100%| O|  |TAMS 0x00000000a2600000, 0x00000000a2500000| Untracked 
|   8|0x00000000a2600000, 0x00000000a2691800, 0x00000000a2700000| 56%| O|  |TAMS 0x00000000a2691800, 0x00000000a2600000| Updating 
|   9|0x00000000a2700000, 0x00000000a2800000, 0x00000000a2800000|100%| O|  |TAMS 0x00000000a2800000, 0x00000000a2700000| Updating 
|  10|0x00000000a2800000, 0x00000000a2900000, 0x00000000a2900000|100%| O|  |TAMS 0x00000000a2900000, 0x00000000a2800000| Updating 
|  11|0x00000000a2900000, 0x00000000a2a00000, 0x00000000a2a00000|100%| O|  |TAMS 0x00000000a2a00000, 0x00000000a2900000| Updating 
|  12|0x00000000a2a00000, 0x00000000a2b00000, 0x00000000a2b00000|100%| O|  |TAMS 0x00000000a2b00000, 0x00000000a2a00000| Untracked 
|  13|0x00000000a2b00000, 0x00000000a2b00000, 0x00000000a2c00000|  0%| F|  |TAMS 0x00000000a2b00000, 0x00000000a2b00000| Untracked 
|  14|0x00000000a2c00000, 0x00000000a2d00000, 0x00000000a2d00000|100%| O|  |TAMS 0x00000000a2d00000, 0x00000000a2c00000| Updating 
|  15|0x00000000a2d00000, 0x00000000a2e00000, 0x00000000a2e00000|100%| O|  |TAMS 0x00000000a2e00000, 0x00000000a2d00000| Updating 
|  16|0x00000000a2e00000, 0x00000000a2f00000, 0x00000000a2f00000|100%| O|  |TAMS 0x00000000a2f00000, 0x00000000a2e00000| Updating 
|  17|0x00000000a2f00000, 0x00000000a3000000, 0x00000000a3000000|100%| O|  |TAMS 0x00000000a3000000, 0x00000000a2f00000| Updating 
|  18|0x00000000a3000000, 0x00000000a3100000, 0x00000000a3100000|100%| O|  |TAMS 0x00000000a3100000, 0x00000000a3000000| Updating 
|  19|0x00000000a3100000, 0x00000000a3100000, 0x00000000a3200000|  0%| F|  |TAMS 0x00000000a3100000, 0x00000000a3100000| Untracked 
|  20|0x00000000a3200000, 0x00000000a3300000, 0x00000000a3300000|100%| O|  |TAMS 0x00000000a3300000, 0x00000000a3200000| Updating 
|  21|0x00000000a3300000, 0x00000000a3400000, 0x00000000a3400000|100%| O|  |TAMS 0x00000000a3400000, 0x00000000a3300000| Untracked 
|  22|0x00000000a3400000, 0x00000000a3500000, 0x00000000a3500000|100%| O|  |TAMS 0x00000000a3500000, 0x00000000a3400000| Updating 
|  23|0x00000000a3500000, 0x00000000a3600000, 0x00000000a3600000|100%| O|  |TAMS 0x00000000a3600000, 0x00000000a3500000| Updating 
|  24|0x00000000a3600000, 0x00000000a3600000, 0x00000000a3700000|  0%| F|  |TAMS 0x00000000a3600000, 0x00000000a3600000| Untracked 
|  25|0x00000000a3700000, 0x00000000a3800000, 0x00000000a3800000|100%| O|  |TAMS 0x00000000a3800000, 0x00000000a3700000| Updating 
|  26|0x00000000a3800000, 0x00000000a3900000, 0x00000000a3900000|100%| O|  |TAMS 0x00000000a3900000, 0x00000000a3800000| Updating 
|  27|0x00000000a3900000, 0x00000000a3900000, 0x00000000a3a00000|  0%| F|  |TAMS 0x00000000a3900000, 0x00000000a3900000| Untracked 
|  28|0x00000000a3a00000, 0x00000000a3b00000, 0x00000000a3b00000|100%| O|  |TAMS 0x00000000a3b00000, 0x00000000a3a00000| Updating 
|  29|0x00000000a3b00000, 0x00000000a3b00000, 0x00000000a3c00000|  0%| F|  |TAMS 0x00000000a3b00000, 0x00000000a3b00000| Untracked 
|  30|0x00000000a3c00000, 0x00000000a3c00000, 0x00000000a3d00000|  0%| F|  |TAMS 0x00000000a3c00000, 0x00000000a3c00000| Untracked 
|  31|0x00000000a3d00000, 0x00000000a3e00000, 0x00000000a3e00000|100%| O|  |TAMS 0x00000000a3e00000, 0x00000000a3d00000| Untracked 
|  32|0x00000000a3e00000, 0x00000000a3f00000, 0x00000000a3f00000|100%| O|  |TAMS 0x00000000a3f00000, 0x00000000a3e00000| Updating 
|  33|0x00000000a3f00000, 0x00000000a4000000, 0x00000000a4000000|100%| O|  |TAMS 0x00000000a4000000, 0x00000000a3f00000| Untracked 
|  34|0x00000000a4000000, 0x00000000a4100000, 0x00000000a4100000|100%| O|  |TAMS 0x00000000a4100000, 0x00000000a4000000| Updating 
|  35|0x00000000a4100000, 0x00000000a4200000, 0x00000000a4200000|100%| O|  |TAMS 0x00000000a4200000, 0x00000000a4100000| Untracked 
|  36|0x00000000a4200000, 0x00000000a4300000, 0x00000000a4300000|100%| O|  |TAMS 0x00000000a4300000, 0x00000000a4200000| Untracked 
|  37|0x00000000a4300000, 0x00000000a4400000, 0x00000000a4400000|100%| O|  |TAMS 0x00000000a4400000, 0x00000000a4300000| Untracked 
|  38|0x00000000a4400000, 0x00000000a4500000, 0x00000000a4500000|100%| O|  |TAMS 0x00000000a4500000, 0x00000000a4400000| Untracked 
|  39|0x00000000a4500000, 0x00000000a4500000, 0x00000000a4600000|  0%| F|  |TAMS 0x00000000a4500000, 0x00000000a4500000| Untracked 
|  40|0x00000000a4600000, 0x00000000a4600000, 0x00000000a4700000|  0%| F|  |TAMS 0x00000000a4600000, 0x00000000a4600000| Untracked 
|  41|0x00000000a4700000, 0x00000000a4700000, 0x00000000a4800000|  0%| F|  |TAMS 0x00000000a4700000, 0x00000000a4700000| Untracked 
|  42|0x00000000a4800000, 0x00000000a4800000, 0x00000000a4900000|  0%| F|  |TAMS 0x00000000a4800000, 0x00000000a4800000| Untracked 
|  43|0x00000000a4900000, 0x00000000a4900000, 0x00000000a4a00000|  0%| F|  |TAMS 0x00000000a4900000, 0x00000000a4900000| Untracked 
|  44|0x00000000a4a00000, 0x00000000a4a1c380, 0x00000000a4b00000| 11%| S|CS|TAMS 0x00000000a4a00000, 0x00000000a4a00000| Complete 
|  45|0x00000000a4b00000, 0x00000000a4b00000, 0x00000000a4c00000|  0%| F|  |TAMS 0x00000000a4b00000, 0x00000000a4b00000| Untracked 
|  46|0x00000000a4c00000, 0x00000000a4c00000, 0x00000000a4d00000|  0%| F|  |TAMS 0x00000000a4c00000, 0x00000000a4c00000| Untracked 
|  47|0x00000000a4d00000, 0x00000000a4d00000, 0x00000000a4e00000|  0%| F|  |TAMS 0x00000000a4d00000, 0x00000000a4d00000| Untracked 
|  48|0x00000000a4e00000, 0x00000000a4e00000, 0x00000000a4f00000|  0%| F|  |TAMS 0x00000000a4e00000, 0x00000000a4e00000| Untracked 
|  49|0x00000000a4f00000, 0x00000000a4f00000, 0x00000000a5000000|  0%| F|  |TAMS 0x00000000a4f00000, 0x00000000a4f00000| Untracked 
|  50|0x00000000a5000000, 0x00000000a5000000, 0x00000000a5100000|  0%| F|  |TAMS 0x00000000a5000000, 0x00000000a5000000| Untracked 
|  51|0x00000000a5100000, 0x00000000a5100000, 0x00000000a5200000|  0%| F|  |TAMS 0x00000000a5100000, 0x00000000a5100000| Untracked 
|  52|0x00000000a5200000, 0x00000000a5200000, 0x00000000a5300000|  0%| F|  |TAMS 0x00000000a5200000, 0x00000000a5200000| Untracked 
|  53|0x00000000a5300000, 0x00000000a5300000, 0x00000000a5400000|  0%| F|  |TAMS 0x00000000a5300000, 0x00000000a5300000| Untracked 
|  54|0x00000000a5400000, 0x00000000a5400000, 0x00000000a5500000|  0%| F|  |TAMS 0x00000000a5400000, 0x00000000a5400000| Untracked 
|  55|0x00000000a5500000, 0x00000000a5500000, 0x00000000a5600000|  0%| F|  |TAMS 0x00000000a5500000, 0x00000000a5500000| Untracked 
|  56|0x00000000a5600000, 0x00000000a5600000, 0x00000000a5700000|  0%| F|  |TAMS 0x00000000a5600000, 0x00000000a5600000| Untracked 
|  57|0x00000000a5700000, 0x00000000a5700000, 0x00000000a5800000|  0%| F|  |TAMS 0x00000000a5700000, 0x00000000a5700000| Untracked 
|  58|0x00000000a5800000, 0x00000000a5800000, 0x00000000a5900000|  0%| F|  |TAMS 0x00000000a5800000, 0x00000000a5800000| Untracked 
|  59|0x00000000a5900000, 0x00000000a5900000, 0x00000000a5a00000|  0%| F|  |TAMS 0x00000000a5900000, 0x00000000a5900000| Untracked 
|  60|0x00000000a5a00000, 0x00000000a5a00000, 0x00000000a5b00000|  0%| F|  |TAMS 0x00000000a5a00000, 0x00000000a5a00000| Untracked 
|  61|0x00000000a5b00000, 0x00000000a5b00000, 0x00000000a5c00000|  0%| F|  |TAMS 0x00000000a5b00000, 0x00000000a5b00000| Untracked 
|  62|0x00000000a5c00000, 0x00000000a5c00000, 0x00000000a5d00000|  0%| F|  |TAMS 0x00000000a5c00000, 0x00000000a5c00000| Untracked 
|  63|0x00000000a5d00000, 0x00000000a5d00000, 0x00000000a5e00000|  0%| F|  |TAMS 0x00000000a5d00000, 0x00000000a5d00000| Untracked 
|  64|0x00000000a5e00000, 0x00000000a5e00000, 0x00000000a5f00000|  0%| F|  |TAMS 0x00000000a5e00000, 0x00000000a5e00000| Untracked 
|  65|0x00000000a5f00000, 0x00000000a5f00000, 0x00000000a6000000|  0%| F|  |TAMS 0x00000000a5f00000, 0x00000000a5f00000| Untracked 
|  66|0x00000000a6000000, 0x00000000a6000000, 0x00000000a6100000|  0%| F|  |TAMS 0x00000000a6000000, 0x00000000a6000000| Untracked 
|  67|0x00000000a6100000, 0x00000000a6100000, 0x00000000a6200000|  0%| F|  |TAMS 0x00000000a6100000, 0x00000000a6100000| Untracked 
|  68|0x00000000a6200000, 0x00000000a6200000, 0x00000000a6300000|  0%| F|  |TAMS 0x00000000a6200000, 0x00000000a6200000| Untracked 
|  69|0x00000000a6300000, 0x00000000a6300000, 0x00000000a6400000|  0%| F|  |TAMS 0x00000000a6300000, 0x00000000a6300000| Untracked 
|  70|0x00000000a6400000, 0x00000000a6400000, 0x00000000a6500000|  0%| F|  |TAMS 0x00000000a6400000, 0x00000000a6400000| Untracked 
|  95|0x00000000a7d00000, 0x00000000a7d759d0, 0x00000000a7e00000| 45%| E|  |TAMS 0x00000000a7d00000, 0x00000000a7d00000| Complete 

Card table byte_map: [0x000001f2d3a60000,0x000001f2d3d60000] _byte_map_base: 0x000001f2d3551000

Marking Bits (Prev, Next): (CMBitMap*) 0x000001f2ccfec510, (CMBitMap*) 0x000001f2ccfec4d0
 Prev Bits: [0x000001f2d57f0000, 0x000001f2d6f78000)
 Next Bits: [0x000001f2d4060000, 0x000001f2d57e8000)

Polling page: 0x000001f2cae10000

Metaspace:

Usage:
  Non-class:     67.89 MB used.
      Class:     10.91 MB used.
       Both:     78.80 MB used.

Virtual space:
  Non-class space:       72.00 MB reserved,      68.25 MB ( 95%) committed,  9 nodes.
      Class space:        1.00 GB reserved,      11.19 MB (  1%) committed,  1 nodes.
             Both:        1.07 GB reserved,      79.44 MB (  7%) committed. 

Chunk freelists:
   Non-Class:  3.30 MB
       Class:  819.00 KB
        Both:  4.10 MB

MaxMetaspaceSize: unlimited
CompressedClassSpaceSize: 1.00 GB
Initial GC threshold: 21.00 MB
Current GC threshold: 132.44 MB
CDS: off
MetaspaceReclaimPolicy: balanced
 - commit_granule_bytes: 65536.
 - commit_granule_words: 8192.
 - virtual_space_node_default_size: 1048576.
 - enlarge_chunks_in_place: 1.
 - new_chunks_are_fully_committed: 0.
 - uncommit_free_chunks: 1.
 - use_allocation_guard: 0.
 - handle_deallocations: 1.


Internal statistics:

num_allocs_failed_limit: 9.
num_arena_births: 884.
num_arena_deaths: 324.
num_vsnodes_births: 10.
num_vsnodes_deaths: 0.
num_space_committed: 1271.
num_space_uncommitted: 0.
num_chunks_returned_to_freelist: 390.
num_chunks_taken_from_freelist: 3483.
num_chunk_merges: 135.
num_chunk_splits: 2438.
num_chunks_enlarged: 1891.
num_purges: 4.
num_inconsistent_stats: 0.

CodeCache: size=49152Kb used=14210Kb max_used=14778Kb free=34941Kb
 bounds [0x000001f2d0650000, 0x000001f2d1590000, 0x000001f2d3650000]
 total_blobs=8989 nmethods=8281 adapters=634
 compilation: enabled
              stopped_count=0, restarted_count=0
 full_count=0

Compilation events (20 events):
Event: 58184.786 Thread 0x000001f2da4193c0 8272   !   1       org.apache.catalina.core.ContainerBase::findChildren (34 bytes)
Event: 58184.787 Thread 0x000001f2da4193c0 nmethod 8272 0x000001f2d13ff090 code [0x000001f2d13ff240, 0x000001f2d13ff518]
Event: 58224.828 Thread 0x000001f2da4193c0 8273       1       java.util.Collections$ReverseComparator2::compare (12 bytes)
Event: 58224.829 Thread 0x000001f2da4193c0 nmethod 8273 0x000001f2d13fed90 code [0x000001f2d13fef20, 0x000001f2d13ff008]
Event: 58224.829 Thread 0x000001f2da4193c0 8274       1       java.util.Comparator$$Lambda$844/0x00000001005ba858::compare (10 bytes)
Event: 58224.829 Thread 0x000001f2da4193c0 nmethod 8274 0x000001f2d13fe910 code [0x000001f2d13feac0, 0x000001f2d13fec98]
Event: 58224.829 Thread 0x000001f2da4193c0 8275       1       java.util.Comparator::lambda$comparingLong$6043328a$1 (18 bytes)
Event: 58224.829 Thread 0x000001f2da4193c0 nmethod 8275 0x000001f2d13fe510 code [0x000001f2d13fe6c0, 0x000001f2d13fe858]
Event: 58226.021 Thread 0x000001f2da4193c0 8276       1       java.io.BufferedInputStream::fill (203 bytes)
Event: 58226.022 Thread 0x000001f2da4193c0 nmethod 8276 0x000001f2d13fda90 code [0x000001f2d13fdca0, 0x000001f2d13fe308]
Event: 58254.831 Thread 0x000001f2da4193c0 8277   !   1       org.apache.catalina.core.ContainerBase::getRealmInternal (38 bytes)
Event: 58254.832 Thread 0x000001f2da4193c0 nmethod 8277 0x000001f2d13fd310 code [0x000001f2d13fd500, 0x000001f2d13fd7d8]
Event: 58254.832 Thread 0x000001f2da4193c0 8278   !   1       org.apache.catalina.core.ContainerBase::getClusterInternal (38 bytes)
Event: 58254.832 Thread 0x000001f2da4193c0 nmethod 8278 0x000001f2d13fcb90 code [0x000001f2d13fcd80, 0x000001f2d13fd058]
Event: 58264.832 Thread 0x000001f2da4193c0 8280   !   1       org.apache.catalina.core.ContainerBase::backgroundProcess (168 bytes)
Event: 58264.834 Thread 0x000001f2da4193c0 nmethod 8280 0x000001f2d13fba10 code [0x000001f2d13fbc80, 0x000001f2d13fc5b8]
Event: 58264.834 Thread 0x000001f2da4193c0 8279   !   1       org.apache.catalina.core.ContainerBase$ContainerBackgroundProcessor::processChildren (202 bytes)
Event: 58264.836 Thread 0x000001f2da4193c0 nmethod 8279 0x000001f2d13f9990 code [0x000001f2d13f9cc0, 0x000001f2d13fadf8]
Event: 58264.836 Thread 0x000001f2da4193c0 8281       1       org.apache.catalina.mapper.MapperListener::lifecycleEvent (178 bytes)
Event: 58264.837 Thread 0x000001f2da4193c0 nmethod 8281 0x000001f2d13f8b10 code [0x000001f2d13f8d80, 0x000001f2d13f95b8]

GC Heap History (20 events):
Event: 14.692 GC heap before
{Heap before GC invocations=22 (full 0):
 garbage-first heap   total 61440K, used 50079K [0x00000000a1e00000, 0x0000000100000000)
  region size 1024K, 22 young (22528K), 3 survivors (3072K)
 Metaspace       used 74846K, committed 75392K, reserved 1114112K
  class space    used 10350K, committed 10624K, reserved 1048576K
}
Event: 14.697 GC heap after
{Heap after GC invocations=23 (full 0):
 garbage-first heap   total 73728K, used 32252K [0x00000000a1e00000, 0x0000000100000000)
  region size 1024K, 2 young (2048K), 2 survivors (2048K)
 Metaspace       used 74846K, committed 75392K, reserved 1114112K
  class space    used 10350K, committed 10624K, reserved 1048576K
}
Event: 24.336 GC heap before
{Heap before GC invocations=24 (full 0):
 garbage-first heap   total 73728K, used 57852K [0x00000000a1e00000, 0x0000000100000000)
  region size 1024K, 28 young (28672K), 2 survivors (2048K)
 Metaspace       used 79597K, committed 80128K, reserved 1122304K
  class space    used 11043K, committed 11328K, reserved 1048576K
}
Event: 24.340 GC heap after
{Heap after GC invocations=25 (full 0):
 garbage-first heap   total 73728K, used 35153K [0x00000000a1e00000, 0x0000000100000000)
  region size 1024K, 4 young (4096K), 4 survivors (4096K)
 Metaspace       used 79597K, committed 80128K, reserved 1122304K
  class space    used 11043K, committed 11328K, reserved 1048576K
}
Event: 27.198 GC heap before
{Heap before GC invocations=25 (full 0):
 garbage-first heap   total 73728K, used 36177K [0x00000000a1e00000, 0x0000000100000000)
  region size 1024K, 5 young (5120K), 4 survivors (4096K)
 Metaspace       used 79604K, committed 80128K, reserved 1122304K
  class space    used 11044K, committed 11328K, reserved 1048576K
}
Event: 27.202 GC heap after
{Heap after GC invocations=26 (full 0):
 garbage-first heap   total 73728K, used 35397K [0x00000000a1e00000, 0x0000000100000000)
  region size 1024K, 1 young (1024K), 1 survivors (1024K)
 Metaspace       used 79604K, committed 80128K, reserved 1122304K
  class space    used 11044K, committed 11328K, reserved 1048576K
}
Event: 87.546 GC heap before
{Heap before GC invocations=26 (full 0):
 garbage-first heap   total 73728K, used 57925K [0x00000000a1e00000, 0x0000000100000000)
  region size 1024K, 24 young (24576K), 1 survivors (1024K)
 Metaspace       used 80770K, committed 81344K, reserved 1122304K
  class space    used 11201K, committed 11456K, reserved 1048576K
}
Event: 87.549 GC heap after
{Heap after GC invocations=27 (full 0):
 garbage-first heap   total 73728K, used 35337K [0x00000000a1e00000, 0x0000000100000000)
  region size 1024K, 1 young (1024K), 1 survivors (1024K)
 Metaspace       used 80770K, committed 81344K, reserved 1122304K
  class space    used 11201K, committed 11456K, reserved 1048576K
}
Event: 183.497 GC heap before
{Heap before GC invocations=28 (full 0):
 garbage-first heap   total 73728K, used 58889K [0x00000000a1e00000, 0x0000000100000000)
  region size 1024K, 25 young (25600K), 1 survivors (1024K)
 Metaspace       used 80576K, committed 81344K, reserved 1122304K
  class space    used 11152K, committed 11456K, reserved 1048576K
}
Event: 183.500 GC heap after
{Heap after GC invocations=29 (full 0):
 garbage-first heap   total 73728K, used 35555K [0x00000000a1e00000, 0x0000000100000000)
  region size 1024K, 1 young (1024K), 1 survivors (1024K)
 Metaspace       used 80576K, committed 81344K, reserved 1122304K
  class space    used 11152K, committed 11456K, reserved 1048576K
}
Event: 188.265 GC heap before
{Heap before GC invocations=29 (full 0):
 garbage-first heap   total 73728K, used 37603K [0x00000000a1e00000, 0x0000000100000000)
  region size 1024K, 3 young (3072K), 1 survivors (1024K)
 Metaspace       used 80599K, committed 81344K, reserved 1122304K
  class space    used 11157K, committed 11456K, reserved 1048576K
}
Event: 188.273 GC heap after
{Heap after GC invocations=30 (full 0):
 garbage-first heap   total 73728K, used 33507K [0x00000000a1e00000, 0x0000000100000000)
  region size 1024K, 1 young (1024K), 1 survivors (1024K)
 Metaspace       used 80599K, committed 81344K, reserved 1122304K
  class space    used 11157K, committed 11456K, reserved 1048576K
}
Event: 58012.825 GC heap before
{Heap before GC invocations=30 (full 0):
 garbage-first heap   total 73728K, used 59107K [0x00000000a1e00000, 0x0000000100000000)
  region size 1024K, 26 young (26624K), 1 survivors (1024K)
 Metaspace       used 80652K, committed 81344K, reserved 1122304K
  class space    used 11168K, committed 11456K, reserved 1048576K
}
Event: 58012.832 GC heap after
{Heap after GC invocations=31 (full 0):
 garbage-first heap   total 73728K, used 34451K [0x00000000a1e00000, 0x0000000100000000)
  region size 1024K, 2 young (2048K), 2 survivors (2048K)
 Metaspace       used 80652K, committed 81344K, reserved 1122304K
  class space    used 11168K, committed 11456K, reserved 1048576K
}
Event: 58151.793 GC heap before
{Heap before GC invocations=32 (full 0):
 garbage-first heap   total 73728K, used 59027K [0x00000000a1e00000, 0x0000000100000000)
  region size 1024K, 26 young (26624K), 2 survivors (2048K)
 Metaspace       used 80710K, committed 81344K, reserved 1122304K
  class space    used 11179K, committed 11456K, reserved 1048576K
}
Event: 58151.796 GC heap after
{Heap after GC invocations=33 (full 0):
 garbage-first heap   total 73728K, used 34303K [0x00000000a1e00000, 0x0000000100000000)
  region size 1024K, 2 young (2048K), 2 survivors (2048K)
 Metaspace       used 80710K, committed 81344K, reserved 1122304K
  class space    used 11179K, committed 11456K, reserved 1048576K
}
Event: 58157.767 GC heap before
{Heap before GC invocations=33 (full 0):
 garbage-first heap   total 73728K, used 35327K [0x00000000a1e00000, 0x0000000100000000)
  region size 1024K, 3 young (3072K), 2 survivors (2048K)
 Metaspace       used 80711K, committed 81344K, reserved 1122304K
  class space    used 11179K, committed 11456K, reserved 1048576K
}
Event: 58157.776 GC heap after
{Heap after GC invocations=34 (full 0):
 garbage-first heap   total 73728K, used 33550K [0x00000000a1e00000, 0x0000000100000000)
  region size 1024K, 1 young (1024K), 1 survivors (1024K)
 Metaspace       used 80711K, committed 81344K, reserved 1122304K
  class space    used 11179K, committed 11456K, reserved 1048576K
}
Event: 58312.665 GC heap before
{Heap before GC invocations=34 (full 0):
 garbage-first heap   total 73728K, used 60174K [0x00000000a1e00000, 0x0000000100000000)
  region size 1024K, 27 young (27648K), 1 survivors (1024K)
 Metaspace       used 80711K, committed 81344K, reserved 1122304K
  class space    used 11179K, committed 11456K, reserved 1048576K
}
Event: 58312.667 GC heap after
{Heap after GC invocations=35 (full 0):
 garbage-first heap   total 73728K, used 33462K [0x00000000a1e00000, 0x0000000100000000)
  region size 1024K, 1 young (1024K), 1 survivors (1024K)
 Metaspace       used 80711K, committed 81344K, reserved 1122304K
  class space    used 11179K, committed 11456K, reserved 1048576K
}

Dll operation events (9 events):
Event: 0.007 Loaded shared library C:\Users\Ayush\Downloads\sts-4.17.2.RELEASE\plugins\org.eclipse.justj.openjdk.hotspot.jre.full.win32.x86_64_17.0.6.v20230125-1136\jre\bin\java.dll
Event: 0.238 Loaded shared library C:\Users\Ayush\Downloads\sts-4.17.2.RELEASE\plugins\org.eclipse.justj.openjdk.hotspot.jre.full.win32.x86_64_17.0.6.v20230125-1136\jre\bin\jimage.dll
Event: 0.257 Loaded shared library C:\Users\Ayush\Downloads\sts-4.17.2.RELEASE\plugins\org.eclipse.justj.openjdk.hotspot.jre.full.win32.x86_64_17.0.6.v20230125-1136\jre\bin\net.dll
Event: 0.258 Loaded shared library C:\Users\Ayush\Downloads\sts-4.17.2.RELEASE\plugins\org.eclipse.justj.openjdk.hotspot.jre.full.win32.x86_64_17.0.6.v20230125-1136\jre\bin\nio.dll
Event: 0.265 Loaded shared library C:\Users\Ayush\Downloads\sts-4.17.2.RELEASE\plugins\org.eclipse.justj.openjdk.hotspot.jre.full.win32.x86_64_17.0.6.v20230125-1136\jre\bin\zip.dll
Event: 0.340 Loaded shared library C:\Users\Ayush\Downloads\sts-4.17.2.RELEASE\plugins\org.eclipse.justj.openjdk.hotspot.jre.full.win32.x86_64_17.0.6.v20230125-1136\jre\bin\management.dll
Event: 0.358 Loaded shared library C:\Users\Ayush\Downloads\sts-4.17.2.RELEASE\plugins\org.eclipse.justj.openjdk.hotspot.jre.full.win32.x86_64_17.0.6.v20230125-1136\jre\bin\management_ext.dll
Event: 1.503 Loaded shared library C:\Users\Ayush\Downloads\sts-4.17.2.RELEASE\plugins\org.eclipse.justj.openjdk.hotspot.jre.full.win32.x86_64_17.0.6.v20230125-1136\jre\bin\verify.dll
Event: 3.339 Loaded shared library C:\Users\Ayush\Downloads\sts-4.17.2.RELEASE\plugins\org.eclipse.justj.openjdk.hotspot.jre.full.win32.x86_64_17.0.6.v20230125-1136\jre\bin\sunmscapi.dll

Deoptimization events (12 events):
Event: 1.569 Thread 0x000001f2dafd6cc0 DEOPT PACKING pc=0x000001f2d0ace619 sp=0x00000082701fc8d0
Event: 1.569 Thread 0x000001f2dafd6cc0 DEOPT UNPACKING pc=0x000001f2d06a7143 sp=0x00000082701fbdb0 mode 3
Event: 3.594 Thread 0x000001f2dafd6cc0 DEOPT PACKING pc=0x000001f2d0ea07fd sp=0x00000082701f8340
Event: 3.594 Thread 0x000001f2dafd6cc0 DEOPT UNPACKING pc=0x000001f2d06a7143 sp=0x00000082701f78a8 mode 3
Event: 6.287 Thread 0x000001f2dafd6cc0 DEOPT PACKING pc=0x000001f2d0add914 sp=0x00000082701fca70
Event: 6.287 Thread 0x000001f2dafd6cc0 DEOPT UNPACKING pc=0x000001f2d06a7143 sp=0x00000082701fbfc8 mode 0
Event: 7.015 Thread 0x000001f2dafd6cc0 DEOPT PACKING pc=0x000001f2d120b599 sp=0x00000082701fc8c0
Event: 7.015 Thread 0x000001f2dafd6cc0 DEOPT UNPACKING pc=0x000001f2d06a7143 sp=0x00000082701fbda0 mode 3
Event: 7.344 Thread 0x000001f2dafd6cc0 DEOPT PACKING pc=0x000001f2d0c58442 sp=0x00000082701fd820
Event: 7.344 Thread 0x000001f2dafd6cc0 DEOPT UNPACKING pc=0x000001f2d06a7143 sp=0x00000082701fcd28 mode 3
Event: 7.344 Thread 0x000001f2dafd6cc0 DEOPT PACKING pc=0x000001f2d0aefa35 sp=0x00000082701fd7e0
Event: 7.344 Thread 0x000001f2dafd6cc0 DEOPT UNPACKING pc=0x000001f2d06a7143 sp=0x00000082701fcd28 mode 3

Classes unloaded (20 events):
Event: 87.603 Thread 0x000001f2d99d76a0 Unloading class 0x0000000100140000 'java/lang/invoke/LambdaForm$DMH+0x0000000100140000'
Event: 87.603 Thread 0x000001f2d99d76a0 Unloading class 0x00000001000c6c00 'jdk/internal/reflect/GeneratedConstructorAccessor1'
Event: 87.603 Thread 0x000001f2d99d76a0 Unloading class 0x00000001000c6000 'java/lang/invoke/LambdaForm$MH+0x00000001000c6000'
Event: 87.603 Thread 0x000001f2d99d76a0 Unloading class 0x00000001000c5c00 'java/lang/invoke/LambdaForm$MH+0x00000001000c5c00'
Event: 87.603 Thread 0x000001f2d99d76a0 Unloading class 0x00000001000c5800 'java/lang/invoke/LambdaForm$MH+0x00000001000c5800'
Event: 87.603 Thread 0x000001f2d99d76a0 Unloading class 0x00000001000c5400 'java/lang/invoke/LambdaForm$MH+0x00000001000c5400'
Event: 87.603 Thread 0x000001f2d99d76a0 Unloading class 0x00000001000c5000 'java/lang/invoke/LambdaForm$MH+0x00000001000c5000'
Event: 87.603 Thread 0x000001f2d99d76a0 Unloading class 0x00000001000c4c00 'java/lang/invoke/LambdaForm$MH+0x00000001000c4c00'
Event: 87.603 Thread 0x000001f2d99d76a0 Unloading class 0x00000001000c3c00 'java/lang/invoke/LambdaForm$MH+0x00000001000c3c00'
Event: 87.603 Thread 0x000001f2d99d76a0 Unloading class 0x00000001000c3800 'java/lang/invoke/LambdaForm$MH+0x00000001000c3800'
Event: 87.603 Thread 0x000001f2d99d76a0 Unloading class 0x00000001000c3000 'java/lang/invoke/LambdaForm$MH+0x00000001000c3000'
Event: 87.603 Thread 0x000001f2d99d76a0 Unloading class 0x00000001000c2400 'java/lang/invoke/LambdaForm$MH+0x00000001000c2400'
Event: 87.603 Thread 0x000001f2d99d76a0 Unloading class 0x00000001000c1c00 'java/lang/invoke/LambdaForm$MH+0x00000001000c1c00'
Event: 87.603 Thread 0x000001f2d99d76a0 Unloading class 0x00000001000c1400 'java/lang/invoke/LambdaForm$MH+0x00000001000c1400'
Event: 87.603 Thread 0x000001f2d99d76a0 Unloading class 0x00000001000c0c00 'java/lang/invoke/LambdaForm$MH+0x00000001000c0c00'
Event: 58312.717 Thread 0x000001f2d99d76a0 Unloading class 0x0000000100400000 'jdk/internal/reflect/GeneratedConstructorAccessor55'
Event: 58312.717 Thread 0x000001f2d99d76a0 Unloading class 0x0000000100470000 'jdk/internal/reflect/GeneratedConstructorAccessor54'
Event: 58312.717 Thread 0x000001f2d99d76a0 Unloading class 0x0000000100471400 'jdk/internal/reflect/GeneratedSerializationConstructorAccessor26'
Event: 58312.717 Thread 0x000001f2d99d76a0 Unloading class 0x000000010047b400 'jdk/internal/reflect/GeneratedConstructorAccessor48'
Event: 58312.717 Thread 0x000001f2d99d76a0 Unloading class 0x0000000100668000 'jdk/internal/reflect/GeneratedSerializationConstructorAccessor25'

Classes redefined (0 events):
No events

Internal exceptions (20 events):
Event: 7415.711 Thread 0x000001f2df531560 Exception <a 'java/io/IOException'{0x00000000a5f01e60}> (0x00000000a5f01e60) 
thrown [s\src\hotspot\share\prims\jni.cpp, line 516]
Event: 57988.786 Thread 0x000001f2df52fd50 Exception <a 'java/io/IOException'{0x00000000a5304b38}> (0x00000000a5304b38) 
thrown [s\src\hotspot\share\prims\jni.cpp, line 516]
Event: 57988.787 Thread 0x000001f2df52fd50 Exception <a 'java/io/IOException'{0x00000000a5305678}> (0x00000000a5305678) 
thrown [s\src\hotspot\share\prims\jni.cpp, line 516]
Event: 57988.792 Thread 0x000001f2df52fd50 Exception <a 'java/io/IOException'{0x00000000a530a6f8}> (0x00000000a530a6f8) 
thrown [s\src\hotspot\share\prims\jni.cpp, line 516]
Event: 57988.792 Thread 0x000001f2df52fd50 Exception <a 'java/io/IOException'{0x00000000a5312450}> (0x00000000a5312450) 
thrown [s\src\hotspot\share\prims\jni.cpp, line 516]
Event: 57988.798 Thread 0x000001f2df52fd50 Exception <a 'java/io/IOException'{0x00000000a5314d08}> (0x00000000a5314d08) 
thrown [s\src\hotspot\share\prims\jni.cpp, line 516]
Event: 57988.798 Thread 0x000001f2df52fd50 Exception <a 'java/io/IOException'{0x00000000a5315848}> (0x00000000a5315848) 
thrown [s\src\hotspot\share\prims\jni.cpp, line 516]
Event: 57988.801 Thread 0x000001f2df52fd50 Exception <a 'java/io/IOException'{0x00000000a5318100}> (0x00000000a5318100) 
thrown [s\src\hotspot\share\prims\jni.cpp, line 516]
Event: 57988.801 Thread 0x000001f2df52fd50 Exception <a 'java/io/IOException'{0x00000000a5318c40}> (0x00000000a5318c40) 
thrown [s\src\hotspot\share\prims\jni.cpp, line 516]
Event: 57988.804 Thread 0x000001f2df52fd50 Exception <a 'java/io/IOException'{0x00000000a531ba50}> (0x00000000a531ba50) 
thrown [s\src\hotspot\share\prims\jni.cpp, line 516]
Event: 57988.805 Thread 0x000001f2df52fd50 Exception <a 'java/io/IOException'{0x00000000a531e830}> (0x00000000a531e830) 
thrown [s\src\hotspot\share\prims\jni.cpp, line 516]
Event: 57988.807 Thread 0x000001f2df52fd50 Exception <a 'java/io/IOException'{0x00000000a5329118}> (0x00000000a5329118) 
thrown [s\src\hotspot\share\prims\jni.cpp, line 516]
Event: 57988.808 Thread 0x000001f2df52fd50 Exception <a 'java/io/IOException'{0x00000000a5329c58}> (0x00000000a5329c58) 
thrown [s\src\hotspot\share\prims\jni.cpp, line 516]
Event: 57988.810 Thread 0x000001f2df52fd50 Exception <a 'java/io/IOException'{0x00000000a532c510}> (0x00000000a532c510) 
thrown [s\src\hotspot\share\prims\jni.cpp, line 516]
Event: 57988.811 Thread 0x000001f2df52fd50 Exception <a 'java/io/IOException'{0x00000000a532d050}> (0x00000000a532d050) 
thrown [s\src\hotspot\share\prims\jni.cpp, line 516]
Event: 57988.813 Thread 0x000001f2df52fd50 Exception <a 'java/io/IOException'{0x00000000a533dcd0}> (0x00000000a533dcd0) 
thrown [s\src\hotspot\share\prims\jni.cpp, line 516]
Event: 57988.813 Thread 0x000001f2df52fd50 Exception <a 'java/io/IOException'{0x00000000a533e810}> (0x00000000a533e810) 
thrown [s\src\hotspot\share\prims\jni.cpp, line 516]
Event: 58045.696 Thread 0x000001f2dbd0d840 Exception <a 'java/lang/NoSuchMethodError'{0x00000000a60f8128}: static [B.<clinit>()V> (0x00000000a60f8128) 
thrown [s\src\hotspot\share\prims\jni.cpp, line 1107]
Event: 58045.746 Thread 0x000001f2dbd0d840 Exception <a 'java/lang/NoSuchMethodError'{0x00000000a5f23548}: static [Ljava/lang/StackTraceElement;.<clinit>()V> (0x00000000a5f23548) 
thrown [s\src\hotspot\share\prims\jni.cpp, line 1107]
Event: 58045.954 Thread 0x000001f2df52f3b0 Exception <a 'java/lang/NoSuchMethodError'{0x00000000a5f854d0}: static [Ljava/lang/Integer;.<clinit>()V> (0x00000000a5f854d0) 
thrown [s\src\hotspot\share\prims\jni.cpp, line 1107]

VM Operations (20 events):
Event: 57990.037 Executing VM operation: Cleanup
Event: 57990.037 Executing VM operation: Cleanup done
Event: 58012.825 Executing VM operation: G1CollectForAllocation
Event: 58012.832 Executing VM operation: G1CollectForAllocation done
Event: 58012.884 Executing VM operation: G1Concurrent
Event: 58012.891 Executing VM operation: G1Concurrent done
Event: 58012.908 Executing VM operation: G1Concurrent
Event: 58012.908 Executing VM operation: G1Concurrent done
Event: 58046.144 Executing VM operation: Cleanup
Event: 58046.144 Executing VM operation: Cleanup done
Event: 58151.793 Executing VM operation: G1CollectForAllocation
Event: 58151.796 Executing VM operation: G1CollectForAllocation done
Event: 58157.767 Executing VM operation: G1CollectForAllocation
Event: 58157.776 Executing VM operation: G1CollectForAllocation done
Event: 58275.263 Executing VM operation: Cleanup
Event: 58275.263 Executing VM operation: Cleanup done
Event: 58312.665 Executing VM operation: G1CollectForAllocation
Event: 58312.667 Executing VM operation: G1CollectForAllocation done
Event: 58312.716 Executing VM operation: G1Concurrent
Event: 58312.734 Executing VM operation: G1Concurrent done

Events (20 events):
Event: 7412.057 loading class sun/security/ssl/Alert
Event: 7415.672 loading class sun/security/ssl/Alert done
Event: 7415.697 loading class sun/security/ssl/Alert$AlertConsumer
Event: 7415.698 loading class sun/security/ssl/Alert$AlertConsumer done
Event: 7415.699 loading class sun/security/ssl/Alert$Level
Event: 7415.699 loading class sun/security/ssl/Alert$Level done
Event: 7415.708 loading class sun/net/ConnectionResetException
Event: 7415.708 loading class sun/net/ConnectionResetException done
Event: 7420.724 Thread 0x000001f2df531560 Thread exited: 0x000001f2df531560
Event: 7421.252 Thread 0x000001f2df52f3b0 Thread exited: 0x000001f2df52f3b0
Event: 57988.777 Thread 0x000001f2df52fd50 Thread added: 0x000001f2df52fd50
Event: 57988.778 Thread 0x000001f2df530bc0 Thread added: 0x000001f2df530bc0
Event: 57993.825 Thread 0x000001f2df52fd50 Thread exited: 0x000001f2df52fd50
Event: 57994.396 Thread 0x000001f2df530bc0 Thread exited: 0x000001f2df530bc0
Event: 58045.678 Thread 0x000001f2df52fd50 Thread added: 0x000001f2df52fd50
Event: 58045.679 Thread 0x000001f2dbd2cdc0 Thread exited: 0x000001f2dbd2cdc0
Event: 58045.680 Thread 0x000001f2df52fd50 Thread exited: 0x000001f2df52fd50
Event: 58045.931 Thread 0x000001f2df52f3b0 Thread added: 0x000001f2df52f3b0
Event: 58045.933 Thread 0x000001f2df52e540 Thread added: 0x000001f2df52e540
Event: 58120.940 Thread 0x000001f2dbd0d840 Thread exited: 0x000001f2dbd0d840


Dynamic libraries:
0x00007ff60a420000 - 0x00007ff60a42e000 	C:\Users\Ayush\Downloads\sts-4.17.2.RELEASE\plugins\org.eclipse.justj.openjdk.hotspot.jre.full.win32.x86_64_17.0.6.v20230125-1136\jre\bin\javaw.exe
0x00007ffd34f70000 - 0x00007ffd35168000 	C:\WINDOWS\SYSTEM32\ntdll.dll
0x00007ffd34e70000 - 0x00007ffd34f2f000 	C:\WINDOWS\System32\KERNEL32.DLL
0x00007ffd32bd0000 - 0x00007ffd32ea2000 	C:\WINDOWS\System32\KERNELBASE.dll
0x00007ffd32eb0000 - 0x00007ffd32fb0000 	C:\WINDOWS\System32\ucrtbase.dll
0x00007ffd09500000 - 0x00007ffd09517000 	C:\Users\Ayush\Downloads\sts-4.17.2.RELEASE\plugins\org.eclipse.justj.openjdk.hotspot.jre.full.win32.x86_64_17.0.6.v20230125-1136\jre\bin\jli.dll
0x00007ffd07160000 - 0x00007ffd07179000 	C:\Users\Ayush\Downloads\sts-4.17.2.RELEASE\plugins\org.eclipse.justj.openjdk.hotspot.jre.full.win32.x86_64_17.0.6.v20230125-1136\jre\bin\VCRUNTIME140.dll
0x00007ffd34570000 - 0x00007ffd34711000 	C:\WINDOWS\System32\USER32.dll
0x00007ffd1fea0000 - 0x00007ffd2013a000 	C:\WINDOWS\WinSxS\amd64_microsoft.windows.common-controls_6595b64144ccf1df_6.0.19041.1110_none_60b5254171f9507e\COMCTL32.dll
0x00007ffd327a0000 - 0x00007ffd327c2000 	C:\WINDOWS\System32\win32u.dll
0x00007ffd33950000 - 0x00007ffd339ee000 	C:\WINDOWS\System32\msvcrt.dll
0x00007ffd33760000 - 0x00007ffd3378b000 	C:\WINDOWS\System32\GDI32.dll
0x00007ffd32a70000 - 0x00007ffd32b7f000 	C:\WINDOWS\System32\gdi32full.dll
0x00007ffd32960000 - 0x00007ffd329fd000 	C:\WINDOWS\System32\msvcp_win.dll
0x00007ffd33050000 - 0x00007ffd33082000 	C:\WINDOWS\System32\IMM32.DLL
0x00007ffd14d00000 - 0x00007ffd14d0c000 	C:\Users\Ayush\Downloads\sts-4.17.2.RELEASE\plugins\org.eclipse.justj.openjdk.hotspot.jre.full.win32.x86_64_17.0.6.v20230125-1136\jre\bin\vcruntime140_1.dll
0x00007ffcfb6c0000 - 0x00007ffcfb751000 	C:\Users\Ayush\Downloads\sts-4.17.2.RELEASE\plugins\org.eclipse.justj.openjdk.hotspot.jre.full.win32.x86_64_17.0.6.v20230125-1136\jre\bin\msvcp140.dll
0x00007ffcef9e0000 - 0x00007ffcf0627000 	C:\Users\Ayush\Downloads\sts-4.17.2.RELEASE\plugins\org.eclipse.justj.openjdk.hotspot.jre.full.win32.x86_64_17.0.6.v20230125-1136\jre\bin\server\jvm.dll
0x00007ffd33c10000 - 0x00007ffd33cbe000 	C:\WINDOWS\System32\ADVAPI32.dll
0x00007ffd32fb0000 - 0x00007ffd3304c000 	C:\WINDOWS\System32\sechost.dll
0x00007ffd33810000 - 0x00007ffd33935000 	C:\WINDOWS\System32\RPCRT4.dll
0x00007ffd2d760000 - 0x00007ffd2d769000 	C:\WINDOWS\SYSTEM32\WSOCK32.dll
0x00007ffd33ba0000 - 0x00007ffd33c0b000 	C:\WINDOWS\System32\WS2_32.dll
0x00007ffd2c0e0000 - 0x00007ffd2c0ea000 	C:\WINDOWS\SYSTEM32\VERSION.dll
0x00007ffd24620000 - 0x00007ffd24647000 	C:\WINDOWS\SYSTEM32\WINMM.dll
0x00007ffd30520000 - 0x00007ffd30532000 	C:\WINDOWS\SYSTEM32\kernel.appcore.dll
0x00007ffd2c660000 - 0x00007ffd2c66a000 	C:\Users\Ayush\Downloads\sts-4.17.2.RELEASE\plugins\org.eclipse.justj.openjdk.hotspot.jre.full.win32.x86_64_17.0.6.v20230125-1136\jre\bin\jimage.dll
0x00007ffd1c400000 - 0x00007ffd1c5e4000 	C:\WINDOWS\SYSTEM32\DBGHELP.DLL
0x00007ffd1bbd0000 - 0x00007ffd1bc05000 	C:\WINDOWS\SYSTEM32\dbgcore.DLL
0x00007ffd32660000 - 0x00007ffd326e2000 	C:\WINDOWS\System32\bcryptPrimitives.dll
0x00007ffd17230000 - 0x00007ffd17255000 	C:\Users\Ayush\Downloads\sts-4.17.2.RELEASE\plugins\org.eclipse.justj.openjdk.hotspot.jre.full.win32.x86_64_17.0.6.v20230125-1136\jre\bin\java.dll
0x00007ffd2c640000 - 0x00007ffd2c658000 	C:\Users\Ayush\Downloads\sts-4.17.2.RELEASE\plugins\org.eclipse.justj.openjdk.hotspot.jre.full.win32.x86_64_17.0.6.v20230125-1136\jre\bin\zip.dll
0x00007ffd34720000 - 0x00007ffd34e65000 	C:\WINDOWS\System32\SHELL32.dll
0x00007ffd30720000 - 0x00007ffd30eb2000 	C:\WINDOWS\SYSTEM32\windows.storage.dll
0x00007ffd332f0000 - 0x00007ffd33645000 	C:\WINDOWS\System32\combase.dll
0x00007ffd320c0000 - 0x00007ffd320f0000 	C:\WINDOWS\SYSTEM32\Wldp.dll
0x00007ffd33090000 - 0x00007ffd3313d000 	C:\WINDOWS\System32\SHCORE.dll
0x00007ffd33650000 - 0x00007ffd336a5000 	C:\WINDOWS\System32\shlwapi.dll
0x00007ffd325a0000 - 0x00007ffd325bf000 	C:\WINDOWS\SYSTEM32\profapi.dll
0x00007ffd14d10000 - 0x00007ffd14d29000 	C:\Users\Ayush\Downloads\sts-4.17.2.RELEASE\plugins\org.eclipse.justj.openjdk.hotspot.jre.full.win32.x86_64_17.0.6.v20230125-1136\jre\bin\net.dll
0x00007ffd27730000 - 0x00007ffd2783c000 	C:\WINDOWS\SYSTEM32\WINHTTP.dll
0x00007ffd31e20000 - 0x00007ffd31e8a000 	C:\WINDOWS\system32\mswsock.dll
0x00007ffd149d0000 - 0x00007ffd149e5000 	C:\Users\Ayush\Downloads\sts-4.17.2.RELEASE\plugins\org.eclipse.justj.openjdk.hotspot.jre.full.win32.x86_64_17.0.6.v20230125-1136\jre\bin\nio.dll
0x00007ffd2e4b0000 - 0x00007ffd2e4b9000 	C:\Users\Ayush\Downloads\sts-4.17.2.RELEASE\plugins\org.eclipse.justj.openjdk.hotspot.jre.full.win32.x86_64_17.0.6.v20230125-1136\jre\bin\management.dll
0x00007ffd21400000 - 0x00007ffd2140b000 	C:\Users\Ayush\Downloads\sts-4.17.2.RELEASE\plugins\org.eclipse.justj.openjdk.hotspot.jre.full.win32.x86_64_17.0.6.v20230125-1136\jre\bin\management_ext.dll
0x00007ffd33940000 - 0x00007ffd33948000 	C:\WINDOWS\System32\PSAPI.DLL
0x00007ffd0cf60000 - 0x00007ffd0cf77000 	C:\WINDOWS\system32\napinsp.dll
0x00007ffd0cf40000 - 0x00007ffd0cf5b000 	C:\WINDOWS\system32\pnrpnsp.dll
0x00007ffd11c10000 - 0x00007ffd11c25000 	C:\WINDOWS\system32\wshbth.dll
0x00007ffd2e410000 - 0x00007ffd2e42d000 	C:\WINDOWS\system32\NLAapi.dll
0x00007ffd31ac0000 - 0x00007ffd31afb000 	C:\WINDOWS\SYSTEM32\IPHLPAPI.DLL
0x00007ffd31b10000 - 0x00007ffd31bdb000 	C:\WINDOWS\SYSTEM32\DNSAPI.dll
0x00007ffd344f0000 - 0x00007ffd344f8000 	C:\WINDOWS\System32\NSI.dll
0x00007ffd0cee0000 - 0x00007ffd0cef2000 	C:\WINDOWS\System32\winrnr.dll
0x00007ffd23d20000 - 0x00007ffd23d2a000 	C:\Windows\System32\rasadhlp.dll
0x00007ffd21c60000 - 0x00007ffd21ce0000 	C:\WINDOWS\System32\fwpuclnt.dll
0x00007ffd32930000 - 0x00007ffd32957000 	C:\WINDOWS\System32\bcrypt.dll
0x00007ffd32010000 - 0x00007ffd32028000 	C:\WINDOWS\SYSTEM32\CRYPTSP.dll
0x00007ffd316d0000 - 0x00007ffd31704000 	C:\WINDOWS\system32\rsaenh.dll
0x00007ffd32520000 - 0x00007ffd3254e000 	C:\WINDOWS\SYSTEM32\USERENV.dll
0x00007ffd32030000 - 0x00007ffd3203c000 	C:\WINDOWS\SYSTEM32\CRYPTBASE.dll
0x00007ffd2b110000 - 0x00007ffd2b127000 	C:\WINDOWS\SYSTEM32\dhcpcsvc6.DLL
0x00007ffd2b0f0000 - 0x00007ffd2b10d000 	C:\WINDOWS\SYSTEM32\dhcpcsvc.DLL
0x00007ffd2e4e0000 - 0x00007ffd2e4f0000 	C:\Users\Ayush\Downloads\sts-4.17.2.RELEASE\plugins\org.eclipse.justj.openjdk.hotspot.jre.full.win32.x86_64_17.0.6.v20230125-1136\jre\bin\verify.dll
0x00007ffd21330000 - 0x00007ffd2133e000 	C:\Users\Ayush\Downloads\sts-4.17.2.RELEASE\plugins\org.eclipse.justj.openjdk.hotspot.jre.full.win32.x86_64_17.0.6.v20230125-1136\jre\bin\sunmscapi.dll
0x00007ffd327d0000 - 0x00007ffd32926000 	C:\WINDOWS\System32\CRYPT32.dll
0x00007ffd32130000 - 0x00007ffd32157000 	C:\WINDOWS\SYSTEM32\ncrypt.dll
0x00007ffd320f0000 - 0x00007ffd3212b000 	C:\WINDOWS\SYSTEM32\NTASN1.dll
0x00007ffd2e4f0000 - 0x00007ffd2e4f7000 	C:\WINDOWS\system32\wshunix.dll

dbghelp: loaded successfully - version: 4.0.5 - missing functions: none
symbol engine: initialized successfully - sym options: 0x614 - pdb path: .;C:\Users\Ayush\Downloads\sts-4.17.2.RELEASE\plugins\org.eclipse.justj.openjdk.hotspot.jre.full.win32.x86_64_17.0.6.v20230125-1136\jre\bin;C:\WINDOWS\SYSTEM32;C:\WINDOWS\WinSxS\amd64_microsoft.windows.common-controls_6595b64144ccf1df_6.0.19041.1110_none_60b5254171f9507e;C:\Users\Ayush\Downloads\sts-4.17.2.RELEASE\plugins\org.eclipse.justj.openjdk.hotspot.jre.full.win32.x86_64_17.0.6.v20230125-1136\jre\bin\server

VM Arguments:
jvm_args: -Dcom.sun.management.jmxremote -Dcom.sun.management.jmxremote.port=55237 -Dcom.sun.management.jmxremote.authenticate=false -Dcom.sun.management.jmxremote.ssl=false -Djava.rmi.server.hostname=localhost -Dspring.jmx.enabled=true -Dmanagement.endpoints.jmx.exposure.include=* -Dspring.application.admin.enabled=true -XX:TieredStopAtLevel=1 -Dspring.boot.project.name=FantasyLeague_Cricket -Dfile.encoding=UTF-8 -XX:+ShowCodeDetailsInExceptionMessages 
java_command: com.example.demo.FantasyLeagueCricketApplication --spring.output.ansi.enabled=always
java_class_path (initial): C:\Users\Ayush\Downloads\FantasyLeague_Cricket\FantasyLeague_Cricket\target\classes;C:\Users\Ayush\.m2\repository\org\springframework\security\spring-security-web\6.0.2\spring-security-web-6.0.2.jar;C:\Users\Ayush\.m2\repository\org\springframework\security\spring-security-core\6.0.2\spring-security-core-6.0.2.jar;C:\Users\Ayush\.m2\repository\org\springframework\security\spring-security-crypto\6.0.2\spring-security-crypto-6.0.2.jar;C:\Users\Ayush\.m2\repository\io\micrometer\micrometer-observation\1.10.4\micrometer-observation-1.10.4.jar;C:\Users\Ayush\.m2\repository\io\micrometer\micrometer-commons\1.10.4\micrometer-commons-1.10.4.jar;C:\Users\Ayush\.m2\repository\org\springframework\spring-core\6.0.5\spring-core-6.0.5.jar;C:\Users\Ayush\.m2\repository\org\springframework\spring-jcl\6.0.5\spring-jcl-6.0.5.jar;C:\Users\Ayush\.m2\repository\org\springframework\spring-aop\6.0.5\spring-aop-6.0.5.jar;C:\Users\Ayush\.m2\repository\org\springframework\spring-beans\6.0.5\spring-beans-6.0.5.jar;C:\Users\Ayush\.m2\repository\org\springframework\spring-context\6.0.5\spring-context-6.0.5.jar;C:\Users\Ayush\.m2\repository\org\springframework\spring-expression\6.0.5\spring-expression-6.0.5.jar;C:\Users\Ayush\.m2\repository\org\springframework\spring-web\6.0.5\spring-web-6.0.5.jar;C:\Users\Ayush\.m2\repository\org\springframework\boot\spring-boot-starter-validation\3.0.3\spring-boot-starter-validation-3.0.3.jar;C:\Users\Ayush\.m2\repository\org\springframework\boot\spring-boot-starter\3.0.3\spring-boot-starter-3.0.3.jar;C:\Users\Ayush\.m2\repository\org\springframework\boot\spring-boot-starter-logging\3.0.3\spring-boot-starter-logging-3.0.3.jar;C:\Users\Ayush\.m2\repository\ch\qos\logback\logback-classic\1.4.5\logback-classic-1.4.5.jar;C:\Users\Ayush\.m2\repository\ch\qos\logback\logback-core\1.4.5\logback-core-1.4.5.jar;C:\Users\Ayush\.m2\repository\org\apache\logging\log4j\log4j-to-slf4j\2.19.0\log4j-to-slf4j-2.19.0.jar;C:\Users\Ayush\.m2\repositor
Launcher Type: SUN_STANDARD

[Global flags]
     intx CICompilerCount                          = 4                                         {product} {ergonomic}
     uint ConcGCThreads                            = 2                                         {product} {ergonomic}
     uint G1ConcRefinementThreads                  = 8                                         {product} {ergonomic}
   size_t G1HeapRegionSize                         = 1048576                                   {product} {ergonomic}
    uintx GCDrainStackTargetSize                   = 64                                        {product} {ergonomic}
   size_t InitialHeapSize                          = 100663296                                 {product} {ergonomic}
     bool ManagementServer                         = true                                      {product} {command line}
   size_t MarkStackSize                            = 4194304                                   {product} {ergonomic}
   size_t MaxHeapSize                              = 1579155456                                {product} {ergonomic}
   size_t MaxNewSize                               = 946864128                                 {product} {ergonomic}
   size_t MinHeapDeltaBytes                        = 1048576                                   {product} {ergonomic}
   size_t MinHeapSize                              = 8388608                                   {product} {ergonomic}
    uintx NonProfiledCodeHeapSize                  = 0                                      {pd product} {ergonomic}
     bool ProfileInterpreter                       = false                                  {pd product} {command line}
    uintx ProfiledCodeHeapSize                     = 0                                      {pd product} {ergonomic}
     bool ShowCodeDetailsInExceptionMessages       = true                                   {manageable} {command line}
   size_t SoftMaxHeapSize                          = 1579155456                             {manageable} {ergonomic}
     intx TieredStopAtLevel                        = 1                                         {product} {command line}
     bool UseCompressedClassPointers               = true                           {product lp64_product} {ergonomic}
     bool UseCompressedOops                        = true                           {product lp64_product} {ergonomic}
     bool UseG1GC                                  = true                                      {product} {ergonomic}
     bool UseLargePagesIndividualAllocation        = false                                  {pd product} {ergonomic}

Logging:
Log output configuration:
 #0: stdout all=warning uptime,level,tags
 #1: stderr all=off uptime,level,tags

Environment Variables:
PATH=C:/Users/Ayush/Downloads/sts-4.17.2.RELEASE//plugins/org.eclipse.justj.openjdk.hotspot.jre.full.win32.x86_64_17.0.6.v20230125-1136/jre/bin/server;C:/Users/Ayush/Downloads/sts-4.17.2.RELEASE//plugins/org.eclipse.justj.openjdk.hotspot.jre.full.win32.x86_64_17.0.6.v20230125-1136/jre/bin;C:\Program Files\Python310\Scripts\;C:\Program Files\Python310\;C:\Program Files\Common Files\Oracle\Java\javapath;C:\windows\system32;C:\windows;C:\windows\System32\Wbem;C:\windows\System32\WindowsPowerShell\v1.0\;C:\windows\System32\OpenSSH\;C:\Program Files (x86)\NVIDIA Corporation\PhysX\Common;C:\Program Files\NVIDIA Corporation\NVIDIA NvDLISR;C:\php;C:\Program Files\nodejs\;C:\Program Files\Git\cmd;C:\WINDOWS\system32;C:\WINDOWS;C:\WINDOWS\System32\Wbem;C:\WINDOWS\System32\WindowsPowerShell\v1.0\;C:\WINDOWS\System32\OpenSSH\;C:\Program Files\MySQL\MySQL Shell 8.0\bin\;C:\Users\Ayush\AppData\Local\Microsoft\WindowsApps;C:\Program Files\Salesforce CLI\bin;C:\Program Files\sfdx\bin;C:\src\flutter_windows_3.0.1-stable\flutter\bin;C:\Users\Ayush\AppData\Roaming\npm;C:\Users\Ayush\AppData\Local\Programs\Microsoft VS Code\bin;C:\Program Files\MongoDB\Server\6.0\bin;C:\Program Files\mongosh-1.7.1-win32-x64\mongosh-1.7.1-win32-x64\bin;C:\Program Files\MySQL\MySQL Server 8.0\bin;;C:\adb;C:\Program Files\MySQL\MySQL Shell 8.0\bin\;C:\Users\Ayush\AppData\Local\Microsoft\WindowsApps;C:\Program Files\Salesforce CLI\bin;C:\Program Files\sfdx\bin;C:\src\flutter_windows_3.0.1-stable\flutter\bin;C:\Users\Ayush\AppData\Roaming\npm;C:\Users\Ayush\AppData\Local\Programs\Microsoft VS Code\bin;C:\Program Files\MongoDB\Server\6.0\bin;C:\Program Files\mongosh-1.7.1-win32-x64\mongosh-1.7.1-win32-x64\bin;C:\Program Files\MySQL\MySQL Server 8.0\bin;C:\xampp\mysql\bin;;C:\Users\Ayush\Downloads\sts-4.17.2.RELEASE;
USERNAME=Ayush
OS=Windows_NT
PROCESSOR_IDENTIFIER=AMD64 Family 23 Model 24 Stepping 1, AuthenticAMD
TMP=C:\Users\Ayush\AppData\Local\Temp
TEMP=C:\Users\Ayush\AppData\Local\Temp



---------------  S Y S T E M  ---------------

OS:
 Windows 10 , 64 bit Build 19041 (10.0.19041.2546)
OS uptime: 2 days 16:54 hours

CPU: total 8 (initial active 8) (8 cores per cpu, 2 threads per core) family 23 model 24 stepping 1 microcode 0x0, cx8, cmov, fxsr, ht, mmx, 3dnowpref, sse, sse2, sse3, ssse3, sse4a, sse4.1, sse4.2, popcnt, lzcnt, tsc, tscinvbit, avx, avx2, aes, clmul, bmi1, bmi2, adx, sha, fma, vzeroupper, clflush, clflushopt

Memory: 4k page, system-wide physical 6021M (1367M free)
TotalPageFile size 19404M (AvailPageFile size 3499M)
current process WorkingSet (physical memory assigned to process): 190M, peak: 238M
current process commit charge ("private bytes"): 271M, peak: 272M

vm_info: OpenJDK 64-Bit Server VM (17.0.6+10) for windows-amd64 JRE (17.0.6+10), built on Jan 18 2023 10:08:59 by "temurin" with MS VC++ 16.7 (VS2019)

END.
